<?xml version="1.0" encoding="UTF-8"?>
<!-- Generated by org.testng.reporters.JUnitReportReporter -->
<testsuite hostname="DESKTOP-G73BLE5" failures="0" tests="3" name="testcases.TestOrangeHRM" time="214.658" errors="0" timestamp="2023-08-09T18:47:57 IST" skipped="0">
  <testcase classname="testcases.TestOrangeHRM" name="launchOrangeHRMWebsite" time="10.920"/>
  <testcase classname="testcases.TestOrangeHRM" name="logoutfromOrangeHRMWebsite" time="12.197"/>
  <testcase classname="testcases.TestOrangeHRM" name="addEmployee" time="191.541"/>
</testsuite> <!-- testcases.TestOrangeHRM -->
